<?xml version="1.0" encoding="UTF-8"?>
<testsuite xmlns:xsi="http://www.w3.org/2001/XMLSchema-instance" xsi:noNamespaceSchemaLocation="https://maven.apache.org/surefire/maven-surefire-plugin/xsd/surefire-test-report.xsd" name="com.control.textlocal.reports.ReportsApplicationTests" time="3.265" tests="2" errors="1" skipped="0" failures="0">
  <properties>
[...]
</properties>
  <testcase name="fetchOneRecord" classname="com.control.textlocal.reports.ReportsApplicationTests" time="0.343">
    <error message="No converter found capable of converting from type [java.util.Date] to type [java.sql.Date]" type="org.springframework.core.convert.ConverterNotFoundException">org.springframework.core.convert.ConverterNotFoundException: No converter found capable of converting from type [java.util.Date] to type [java.sql.Date]
	at com.control.textlocal.reports.ReportsApplicationTests.fetchOneRecord(ReportsApplicationTests.java:32)
</error>
    <system-out><![CDATA[13:01:55.027 [main] DEBUG org.springframework.test.context.BootstrapUtils - Instantiating CacheAwareContextLoaderDelegate from class [org.springframework.test.context.cache.DefaultCacheAwareContextLoaderDelegate]
13:01:55.038 [main] DEBUG org.springframework.test.context.BootstrapUtils - Instantiating BootstrapContext using constructor [public org.springframework.test.context.support.DefaultBootstrapContext(java.lang.Class,org.springframework.test.context.CacheAwareContextLoaderDelegate)]
13:01:55.069 [main] DEBUG org.springframework.test.context.BootstrapUtils - Instantiating TestContextBootstrapper for test class [com.control.textlocal.reports.ReportsApplicationTests] from class [org.springframework.boot.test.context.SpringBootTestContextBootstrapper]
13:01:55.085 [main] INFO org.springframework.boot.test.context.SpringBootTestContextBootstrapper - Neither @ContextConfiguration nor @ContextHierarchy found for test class [com.control.textlocal.reports.ReportsApplicationTests], using SpringBootContextLoader
13:01:55.089 [main] DEBUG org.springframework.test.context.support.AbstractContextLoader - Did not detect default resource location for test class [com.control.textlocal.reports.ReportsApplicationTests]: class path resource [com/control/textlocal/reports/ReportsApplicationTests-context.xml] does not exist
13:01:55.090 [main] DEBUG org.springframework.test.context.support.AbstractContextLoader - Did not detect default resource location for test class [com.control.textlocal.reports.ReportsApplicationTests]: class path resource [com/control/textlocal/reports/ReportsApplicationTestsContext.groovy] does not exist
13:01:55.091 [main] INFO org.springframework.test.context.support.AbstractContextLoader - Could not detect default resource locations for test class [com.control.textlocal.reports.ReportsApplicationTests]: no resource found for suffixes {-context.xml, Context.groovy}.
13:01:55.093 [main] INFO org.springframework.test.context.support.AnnotationConfigContextLoaderUtils - Could not detect default configuration classes for test class [com.control.textlocal.reports.ReportsApplicationTests]: ReportsApplicationTests does not declare any static, non-private, non-final, nested classes annotated with @Configuration.
13:01:55.164 [main] DEBUG org.springframework.test.context.support.ActiveProfilesUtils - Could not find an 'annotation declaring class' for annotation type [org.springframework.test.context.ActiveProfiles] and class [com.control.textlocal.reports.ReportsApplicationTests]
13:01:55.236 [main] DEBUG org.springframework.context.annotation.ClassPathScanningCandidateComponentProvider - Identified candidate component class: file [/home/local/IMIDOMAIN/shreya.r/Desktop/STSProjects/reports/target/classes/com/control/textlocal/reports/ReportsApplication.class]
13:01:55.237 [main] INFO org.springframework.boot.test.context.SpringBootTestContextBootstrapper - Found @SpringBootConfiguration com.control.textlocal.reports.ReportsApplication for test class com.control.textlocal.reports.ReportsApplicationTests
13:01:55.328 [main] DEBUG org.springframework.boot.test.context.SpringBootTestContextBootstrapper - @TestExecutionListeners is not present for class [com.control.textlocal.reports.ReportsApplicationTests]: using defaults.
13:01:55.329 [main] INFO org.springframework.boot.test.context.SpringBootTestContextBootstrapper - Loaded default TestExecutionListener class names from location [META-INF/spring.factories]: [org.springframework.boot.test.mock.mockito.MockitoTestExecutionListener, org.springframework.boot.test.mock.mockito.ResetMocksTestExecutionListener, org.springframework.boot.test.autoconfigure.restdocs.RestDocsTestExecutionListener, org.springframework.boot.test.autoconfigure.web.client.MockRestServiceServerResetTestExecutionListener, org.springframework.boot.test.autoconfigure.web.servlet.MockMvcPrintOnlyOnFailureTestExecutionListener, org.springframework.boot.test.autoconfigure.web.servlet.WebDriverTestExecutionListener, org.springframework.test.context.web.ServletTestExecutionListener, org.springframework.test.context.support.DirtiesContextBeforeModesTestExecutionListener, org.springframework.test.context.support.DependencyInjectionTestExecutionListener, org.springframework.test.context.support.DirtiesContextTestExecutionListener, org.springframework.test.context.transaction.TransactionalTestExecutionListener, org.springframework.test.context.jdbc.SqlScriptsTestExecutionListener, org.springframework.test.context.event.EventPublishingTestExecutionListener]
13:01:55.341 [main] INFO org.springframework.boot.test.context.SpringBootTestContextBootstrapper - Using TestExecutionListeners: [org.springframework.test.context.web.ServletTestExecutionListener@379614be, org.springframework.test.context.support.DirtiesContextBeforeModesTestExecutionListener@404bbcbd, org.springframework.boot.test.mock.mockito.MockitoTestExecutionListener@1e81f160, org.springframework.boot.test.autoconfigure.SpringBootDependencyInjectionTestExecutionListener@1acaf3d, org.springframework.test.context.support.DirtiesContextTestExecutionListener@6986852, org.springframework.test.context.transaction.TransactionalTestExecutionListener@1bab8268, org.springframework.test.context.jdbc.SqlScriptsTestExecutionListener@a307a8c, org.springframework.test.context.event.EventPublishingTestExecutionListener@6e01f9b0, org.springframework.boot.test.mock.mockito.ResetMocksTestExecutionListener@2b9ed6da, org.springframework.boot.test.autoconfigure.restdocs.RestDocsTestExecutionListener@6c61a903, org.springframework.boot.test.autoconfigure.web.client.MockRestServiceServerResetTestExecutionListener@658c5a19, org.springframework.boot.test.autoconfigure.web.servlet.MockMvcPrintOnlyOnFailureTestExecutionListener@421e361, org.springframework.boot.test.autoconfigure.web.servlet.WebDriverTestExecutionListener@59d4cd39]
13:01:55.345 [main] DEBUG org.springframework.test.context.support.AbstractDirtiesContextTestExecutionListener - Before test class: context [DefaultTestContext@57ad2aa7 testClass = ReportsApplicationTests, testInstance = [null], testMethod = [null], testException = [null], mergedContextConfiguration = [WebMergedContextConfiguration@5b3f61ff testClass = ReportsApplicationTests, locations = '{}', classes = '{class com.control.textlocal.reports.ReportsApplication}', contextInitializerClasses = '[]', activeProfiles = '{}', propertySourceLocations = '{}', propertySourceProperties = '{org.springframework.boot.test.context.SpringBootTestContextBootstrapper=true}', contextCustomizers = set[org.springframework.boot.test.context.filter.ExcludeFilterContextCustomizer@55740540, org.springframework.boot.test.json.DuplicateJsonObjectContextCustomizerFactory$DuplicateJsonObjectContextCustomizer@1018bde2, org.springframework.boot.test.mock.mockito.MockitoContextCustomizer@0, org.springframework.boot.test.web.client.TestRestTemplateContextCustomizer@5552768b, org.springframework.boot.test.autoconfigure.properties.PropertyMappingContextCustomizer@0, org.springframework.boot.test.autoconfigure.web.servlet.WebDriverContextCustomizerFactory$Customizer@355ce81c], resourceBasePath = 'src/main/webapp', contextLoader = 'org.springframework.boot.test.context.SpringBootContextLoader', parent = [null]], attributes = map['org.springframework.test.context.web.ServletTestExecutionListener.activateListener' -> true]], class annotated with @DirtiesContext [false] with mode [null].
13:01:55.375 [main] DEBUG org.springframework.test.context.support.TestPropertySourceUtils - Adding inlined properties to environment: {spring.jmx.enabled=false, org.springframework.boot.test.context.SpringBootTestContextBootstrapper=true, server.port=-1}

  .   ____          _            __ _ _
 /\\ / ___'_ __ _ _(_)_ __  __ _ \ \ \ \
( ( )\___ | '_ | '_| | '_ \/ _` | \ \ \ \
 \\/  ___)| |_)| | | | | || (_| |  ) ) ) )
  '  |____| .__|_| |_|_| |_\__, | / / / /
 =========|_|==============|___/=/_/_/_/
 :: Spring Boot ::        (v2.2.6.RELEASE)

13:01:55.800 |  INFO | c.c.t.r.ReportsApplicationTests | Starting ReportsApplicationTests on wlpt963 with PID 11604 (started by IMIDOMAIN\shreya.r in /home/local/IMIDOMAIN/shreya.r/Desktop/STSProjects/reports)
13:01:55.801 |  INFO | c.c.t.r.ReportsApplicationTests | No active profile set, falling back to default profiles: default
13:01:56.370 |  INFO | o.s.d.r.c.RepositoryConfigurationDelegate | Bootstrapping Spring Data MongoDB repositories in DEFAULT mode.
13:01:56.416 |  INFO | o.s.d.r.c.RepositoryConfigurationDelegate | Finished Spring Data repository scanning in 41ms. Found 1 MongoDB repository interfaces.
13:01:56.912 |  INFO | o.mongodb.driver.cluster | Cluster created with settings {hosts=[localhost:27017], mode=SINGLE, requiredClusterType=UNKNOWN, serverSelectionTimeout='30000 ms', maxWaitQueueSize=500}
13:01:56.972 |  INFO | o.m.driver.connection | Opened connection [connectionId{localValue:1, serverValue:20}] to localhost:27017
13:01:56.977 |  INFO | o.mongodb.driver.cluster | Monitor thread successfully connected to server with description ServerDescription{address=localhost:27017, type=STANDALONE, state=CONNECTED, ok=true, version=ServerVersion{versionList=[4, 2, 3]}, minWireVersion=0, maxWireVersion=8, maxDocumentSize=16777216, logicalSessionTimeoutMinutes=30, roundTripTimeNanos=2368415}
13:01:57.623 |  INFO | o.s.s.c.ThreadPoolTaskExecutor | Initializing ExecutorService 'applicationTaskExecutor'
13:01:57.830 |  INFO | c.c.t.r.ReportsApplicationTests | Started ReportsApplicationTests in 2.445 seconds (JVM running for 3.403)
13:01:58.139 |  INFO | o.m.driver.connection | Opened connection [connectionId{localValue:2, serverValue:21}] to localhost:27017
]]></system-out>
  </testcase>
  <testcase name="contextLoads" classname="com.control.textlocal.reports.ReportsApplicationTests" time="0.002"/>
</testsuite>